INFO:scrapy.utils.log:Scrapy 2.4.1 started (bot: stock_news)
INFO:scrapy.utils.log:Versions: lxml 4.6.1.0, libxml2 2.9.10, cssselect 1.1.0, parsel 1.6.0, w3lib 1.22.0, Twisted 20.3.0, Python 3.7.3 (default, Mar 27 2019, 22:11:17) - [GCC 7.3.0], pyOpenSSL 19.1.0 (OpenSSL 1.1.1i  8 Dec 2020), cryptography 3.2.1, Platform Linux-5.4.0-64-generic-x86_64-with-debian-buster-sid
DEBUG:scrapy.utils.log:Using reactor: twisted.internet.epollreactor.EPollReactor
INFO:scrapy.crawler:Overridden settings:
{'BOT_NAME': 'stock_news',
 'FEED_EXPORT_ENCODING': 'utf-8',
 'NEWSPIDER_MODULE': 'stock_news.spiders',
 'ROBOTSTXT_OBEY': True,
 'SPIDER_MODULES': ['stock_news.spiders'],
 'USER_AGENT': 'Mozilla/5.0 (X11; Linux x86_64) AppleWebKit/537.36 (KHTML, '
               'like Gecko) Chrome/88.0.4324.96 Safari/537.36'}
INFO:scrapy.extensions.telnet:Telnet Password: d41243dd1bad329a
INFO:scrapy.middleware:Enabled extensions:
['scrapy.extensions.corestats.CoreStats',
 'scrapy.extensions.telnet.TelnetConsole',
 'scrapy.extensions.memusage.MemoryUsage',
 'scrapy.extensions.feedexport.FeedExporter',
 'scrapy.extensions.logstats.LogStats']
DEBUG:selenium.webdriver.remote.remote_connection:POST http://127.0.0.1:60255/session {"capabilities": {"firstMatch": [{}], "alwaysMatch": {"browserName": "chrome", "platformName": "any", "goog:chromeOptions": {"extensions": [], "args": ["--headless"]}}}, "desiredCapabilities": {"browserName": "chrome", "version": "", "platform": "ANY", "goog:chromeOptions": {"extensions": [], "args": ["--headless"]}}}
DEBUG:urllib3.connectionpool:Starting new HTTP connection (1): 127.0.0.1:60255
DEBUG:urllib3.connectionpool:http://127.0.0.1:60255 "POST /session HTTP/1.1" 200 680
DEBUG:selenium.webdriver.remote.remote_connection:Finished Request
INFO:scrapy.middleware:Enabled downloader middlewares:
['scrapy.downloadermiddlewares.robotstxt.RobotsTxtMiddleware',
 'scrapy.downloadermiddlewares.httpauth.HttpAuthMiddleware',
 'scrapy.downloadermiddlewares.downloadtimeout.DownloadTimeoutMiddleware',
 'scrapy.downloadermiddlewares.defaultheaders.DefaultHeadersMiddleware',
 'scrapy.downloadermiddlewares.useragent.UserAgentMiddleware',
 'scrapy.downloadermiddlewares.retry.RetryMiddleware',
 'scrapy.downloadermiddlewares.redirect.MetaRefreshMiddleware',
 'scrapy.downloadermiddlewares.httpcompression.HttpCompressionMiddleware',
 'scrapy.downloadermiddlewares.redirect.RedirectMiddleware',
 'scrapy.downloadermiddlewares.cookies.CookiesMiddleware',
 'scrapy.downloadermiddlewares.httpproxy.HttpProxyMiddleware',
 'scrapy_selenium.SeleniumMiddleware',
 'scrapy.downloadermiddlewares.stats.DownloaderStats']
INFO:scrapy.middleware:Enabled spider middlewares:
['scrapy.spidermiddlewares.httperror.HttpErrorMiddleware',
 'scrapy.spidermiddlewares.offsite.OffsiteMiddleware',
 'scrapy.spidermiddlewares.referer.RefererMiddleware',
 'scrapy.spidermiddlewares.urllength.UrlLengthMiddleware',
 'scrapy.spidermiddlewares.depth.DepthMiddleware']
INFO:scrapy.middleware:Enabled item pipelines:
[]
INFO:scrapy.core.engine:Spider opened
INFO:scrapy.extensions.logstats:Crawled 0 pages (at 0 pages/min), scraped 0 items (at 0 items/min)
INFO:scrapy.extensions.telnet:Telnet console listening on 127.0.0.1:6023
DEBUG:scrapy.downloadermiddlewares.redirect:Redirecting (301) to <GET https://cafef.vn/robots.txt> from <GET http://cafef.vn/robots.txt>
DEBUG:scrapy.core.engine:Crawled (200) <GET https://cafef.vn/robots.txt> (referer: None)
DEBUG:selenium.webdriver.remote.remote_connection:POST http://127.0.0.1:60255/session/06135d64d14d27725cc31a00bcae181b/url {"url": "http://cafef.vn/thi-truong-chung-khoan.chn"}
DEBUG:urllib3.connectionpool:http://127.0.0.1:60255 "POST /session/06135d64d14d27725cc31a00bcae181b/url HTTP/1.1" 200 14
DEBUG:selenium.webdriver.remote.remote_connection:Finished Request
DEBUG:selenium.webdriver.remote.remote_connection:GET http://127.0.0.1:60255/session/06135d64d14d27725cc31a00bcae181b/source {}
DEBUG:urllib3.connectionpool:http://127.0.0.1:60255 "GET /session/06135d64d14d27725cc31a00bcae181b/source HTTP/1.1" 200 93618
DEBUG:selenium.webdriver.remote.remote_connection:Finished Request
DEBUG:selenium.webdriver.remote.remote_connection:GET http://127.0.0.1:60255/session/06135d64d14d27725cc31a00bcae181b/url {}
DEBUG:urllib3.connectionpool:http://127.0.0.1:60255 "GET /session/06135d64d14d27725cc31a00bcae181b/url HTTP/1.1" 200 55
DEBUG:selenium.webdriver.remote.remote_connection:Finished Request
DEBUG:scrapy.core.engine:Crawled (200) <GET http://cafef.vn/thi-truong-chung-khoan.chn> (referer: None)
DEBUG:selenium.webdriver.remote.remote_connection:POST http://127.0.0.1:60255/session/06135d64d14d27725cc31a00bcae181b/execute/sync {"script": "window.scrollTo(0,document.body.scrollHeight)", "args": []}
DEBUG:urllib3.connectionpool:http://127.0.0.1:60255 "POST /session/06135d64d14d27725cc31a00bcae181b/execute/sync HTTP/1.1" 200 14
DEBUG:selenium.webdriver.remote.remote_connection:Finished Request
DEBUG:selenium.webdriver.remote.remote_connection:POST http://127.0.0.1:60255/session/06135d64d14d27725cc31a00bcae181b/window/rect {"x": null, "y": null, "width": 1920, "height": 3200}
DEBUG:urllib3.connectionpool:http://127.0.0.1:60255 "POST /session/06135d64d14d27725cc31a00bcae181b/window/rect HTTP/1.1" 200 50
DEBUG:selenium.webdriver.remote.remote_connection:Finished Request
DEBUG:selenium.webdriver.remote.remote_connection:GET http://127.0.0.1:60255/session/06135d64d14d27725cc31a00bcae181b/screenshot {}
DEBUG:urllib3.connectionpool:http://127.0.0.1:60255 "GET /session/06135d64d14d27725cc31a00bcae181b/screenshot HTTP/1.1" 200 1875664
DEBUG:selenium.webdriver.remote.remote_connection:Finished Request
INFO:scrapy.core.engine:Closing spider (finished)
DEBUG:selenium.webdriver.remote.remote_connection:DELETE http://127.0.0.1:60255/session/06135d64d14d27725cc31a00bcae181b {}
DEBUG:urllib3.connectionpool:http://127.0.0.1:60255 "DELETE /session/06135d64d14d27725cc31a00bcae181b HTTP/1.1" 200 14
DEBUG:selenium.webdriver.remote.remote_connection:Finished Request
INFO:scrapy.statscollectors:Dumping Scrapy stats:
{'downloader/request_bytes': 584,
 'downloader/request_count': 2,
 'downloader/request_method_count/GET': 2,
 'downloader/response_bytes': 83587,
 'downloader/response_count': 3,
 'downloader/response_status_count/200': 2,
 'downloader/response_status_count/301': 1,
 'elapsed_time_seconds': 8.539723,
 'finish_reason': 'finished',
 'finish_time': datetime.datetime(2021, 2, 1, 15, 7, 34, 132215),
 'log_count/DEBUG': 28,
 'log_count/INFO': 10,
 'memusage/max': 58580992,
 'memusage/startup': 58580992,
 'response_received_count': 2,
 'robotstxt/request_count': 1,
 'robotstxt/response_count': 1,
 'robotstxt/response_status_count/200': 1,
 'scheduler/dequeued': 1,
 'scheduler/dequeued/memory': 1,
 'scheduler/enqueued': 1,
 'scheduler/enqueued/memory': 1,
 'start_time': datetime.datetime(2021, 2, 1, 15, 7, 25, 592492)}
INFO:scrapy.core.engine:Spider closed (finished)
